          ok  Starting native_osx for sync docker-sync
          ok  docker-sync container still running, restarting unison in container
unison: stopped
unison: started
     success  Sync container started
     success  Showing unison logs from your sync container: docker-sync
[2018-09-05 13:06:54 +0900] Sync Log:  UNISON 2.51.2 (OCAML 4.06.1) started propagating changes at 13:09:02.49 on 05 Sep 2018
[2018-09-05 13:06:54 +0900] Sync Log:  [BGN] Copying .git/index.lock from /host_sync to /app_sync
[2018-09-05 13:06:54 +0900] Sync Log:  [END] Copying .git/index.lock
[2018-09-05 13:06:54 +0900] Sync Log:  UNISON 2.51.2 (OCAML 4.06.1) finished propagating changes at 13:09:02.49 on 05 Sep 2018
[2018-09-05 13:06:54 +0900] Sync Log:  Synchronization complete at 13:09:02  (1 item transferred, 0 skipped, 0 failed)
[2018-09-05 13:06:55 +0900] Sync Log:  UNISON 2.51.2 (OCAML 4.06.1) started propagating changes at 13:09:03.56 on 05 Sep 2018
[2018-09-05 13:06:55 +0900] Sync Log:  [BGN] Copying sites/default/settings.php from /host_sync to /app_sync
[2018-09-05 13:06:55 +0900] Sync Log:  [END] Copying sites/default/settings.php
[2018-09-05 13:06:55 +0900] Sync Log:  UNISON 2.51.2 (OCAML 4.06.1) finished propagating changes at 13:09:03.56 on 05 Sep 2018
[2018-09-05 13:06:55 +0900] Sync Log:  Synchronization complete at 13:09:03  (1 item transferred, 0 skipped, 0 failed)
[2018-09-05 13:06:58 +0900] Sync Log:  UNISON 2.51.2 (OCAML 4.06.1) started propagating changes at 13:09:06.13 on 05 Sep 2018
[2018-09-05 13:06:58 +0900] Sync Log:  [BGN] Copying sites/default/files from /host_sync to /app_sync
[2018-09-05 13:06:58 +0900] Sync Log:  [END] Copying sites/default/files
[2018-09-05 13:06:58 +0900] Sync Log:  UNISON 2.51.2 (OCAML 4.06.1) finished propagating changes at 13:09:06.13 on 05 Sep 2018
[2018-09-05 13:06:58 +0900] Sync Log:  Synchronization complete at 13:09:06  (1 item transferred, 0 skipped, 0 failed)
[2018-09-05 13:08:36 +0900] Sync Log:  UNISON 2.51.2 (OCAML 4.06.1) started propagating changes at 13:10:44.60 on 05 Sep 2018
[2018-09-05 13:08:36 +0900] Sync Log:  [BGN] Updating file sites/default/settings.php from /host_sync to /app_sync
[2018-09-05 13:08:36 +0900] Sync Log:  [END] Updating file sites/default/settings.php
[2018-09-05 13:08:36 +0900] Sync Log:  UNISON 2.51.2 (OCAML 4.06.1) finished propagating changes at 13:10:44.61 on 05 Sep 2018
[2018-09-05 13:08:36 +0900] Sync Log:  Synchronization complete at 13:10:44  (1 item transferred, 0 skipped, 0 failed)
